  AudioHandler.cpp
F:\FYP\MY FYP\AlgorithmicBeatMappingTool\AudioHandler.cpp(51,56): warning C4244: '=': conversion from '_Ty' to '_Ty', possible loss of data
          with
          [
              _Ty=double
          ]
          and
          [
              _Ty=float
          ]
F:\FYP\MY FYP\AlgorithmicBeatMappingTool\AudioFile.h(609,52): warning C4018: '>=': signed/unsigned mismatch
F:\FYP\MY FYP\AlgorithmicBeatMappingTool\AudioFile.h(528): message : while compiling class template member function 'bool AudioFile<double>::decodeWaveFile(std::vector<uint8_t,std::allocator<uint8_t>> &)'
F:\FYP\MY FYP\AlgorithmicBeatMappingTool\AudioFile.h(512): message : see reference to function template instantiation 'bool AudioFile<double>::decodeWaveFile(std::vector<uint8_t,std::allocator<uint8_t>> &)' being compiled
F:\FYP\MY FYP\AlgorithmicBeatMappingTool\AudioFile.h(506): message : while compiling class template member function 'bool AudioFile<double>::loadFromMemory(std::vector<uint8_t,std::allocator<uint8_t>> &)'
F:\FYP\MY FYP\AlgorithmicBeatMappingTool\AudioFile.h(500): message : see reference to function template instantiation 'bool AudioFile<double>::loadFromMemory(std::vector<uint8_t,std::allocator<uint8_t>> &)' being compiled
F:\FYP\MY FYP\AlgorithmicBeatMappingTool\AudioFile.h(286): message : while compiling class template member function 'AudioFile<double>::AudioFile(void)'
F:\FYP\MY FYP\AlgorithmicBeatMappingTool\AudioHandler.cpp(70): message : see reference to function template instantiation 'AudioFile<double>::AudioFile(void)' being compiled
F:\FYP\MY FYP\AlgorithmicBeatMappingTool\AudioHandler.cpp(8): message : see reference to class template instantiation 'AudioFile<double>' being compiled
F:\FYP\MY FYP\AlgorithmicBeatMappingTool\AudioFile.h(753,52): warning C4018: '>=': signed/unsigned mismatch
F:\FYP\MY FYP\AlgorithmicBeatMappingTool\AudioFile.h(670): message : while compiling class template member function 'bool AudioFile<double>::decodeAiffFile(std::vector<uint8_t,std::allocator<uint8_t>> &)'
F:\FYP\MY FYP\AlgorithmicBeatMappingTool\AudioFile.h(516): message : see reference to function template instantiation 'bool AudioFile<double>::decodeAiffFile(std::vector<uint8_t,std::allocator<uint8_t>> &)' being compiled
F:\FYP\MY FYP\AlgorithmicBeatMappingTool\AudioFile.h(1250,14): warning C4018: '<': signed/unsigned mismatch
F:\FYP\MY FYP\AlgorithmicBeatMappingTool\AudioFile.h(1241): message : while compiling class template member function 'int AudioFile<double>::getIndexOfChunk(std::vector<uint8_t,std::allocator<uint8_t>> &,const std::string &,int,AudioFile<double>::Endianness)'
F:\FYP\MY FYP\AlgorithmicBeatMappingTool\AudioFile.h(537): message : see reference to function template instantiation 'int AudioFile<double>::getIndexOfChunk(std::vector<uint8_t,std::allocator<uint8_t>> &,const std::string &,int,AudioFile<double>::Endianness)' being compiled
F:\FYP\MY FYP\AlgorithmicBeatMappingTool\AudioFile.h(1178): message : while compiling class template member function 'AudioFileFormat AudioFile<double>::determineAudioFileFormat(std::vector<uint8_t,std::allocator<uint8_t>> &)'
F:\FYP\MY FYP\AlgorithmicBeatMappingTool\AudioFile.h(508): message : see reference to function template instantiation 'AudioFileFormat AudioFile<double>::determineAudioFileFormat(std::vector<uint8_t,std::allocator<uint8_t>> &)' being compiled
F:\FYP\MY FYP\AlgorithmicBeatMappingTool\AudioHandler.cpp(22): warning C4715: 'AudioHandler::LoadFile': not all control paths return a value
  AlgorithmicBeatMappingTool.vcxproj -> F:\FYP\MY FYP\AlgorithmicBeatMappingTool\Debug\AlgorithmicBeatMappingTool.exe
